#
# A fatal error has been detected by the Java Runtime Environment:
#
#  EXCEPTION_ACCESS_VIOLATION (0xc0000005) at pc=0x00000000049992b6, pid=10620, tid=0x0000000000002b6c
#
# JRE version: Java(TM) SE Runtime Environment (8.0_191-b12) (build 1.8.0_191-b12)
# Java VM: Java HotSpot(TM) 64-Bit Server VM (25.191-b12 mixed mode windows-amd64 compressed oops)
# Problematic frame:
# J 13551 C2 org.springframework.asm.Type.appendDescriptor(Ljava/lang/Class;Ljava/lang/StringBuilder;)V (185 bytes) @ 0x00000000049992b6 [0x0000000004998f40+0x376]
#
# Failed to write core dump. Minidumps are not enabled by default on client versions of Windows
#
# If you would like to submit a bug report, please visit:
#   http://bugreport.java.com/bugreport/crash.jsp
#

---------------  T H R E A D  ---------------

Current thread (0x000000001aa94800):  JavaThread "http-nio-8080-exec-2" daemon [_thread_in_Java, id=11116, stack(0x000000002a600000,0x000000002a700000)]

siginfo: ExceptionCode=0xc0000005, reading address 0xffffffffffffffff

Registers:
RAX=0x0000000000000000, RBX=0x0000000000000025, RCX=0x0000000000000061, RDX=0x0000000000000072
RSP=0x000000002a6fa9e0, RBP=0x000000000000001c, RSI=0x00000000eb528b98, RDI=0x000000000000002f
R8 =0x0000000081de8bb8, R9 =0x0000000000000028, R10=0x00000000eb528c70, R11=0x000000000000001c
R12=0x0000000000000000, R13=0x00000000eb528c28, R14=0x0000000081de8ba0, R15=0x000000001aa94800
RIP=0x00000000049992b6, EFLAGS=0x0000000000010246

Top of Stack: (sp=0x000000002a6fa9e0)
0x000000002a6fa9e0:   000000001aa94800 000000007647d436
0x000000002a6fa9f0:   000000001aa94800 0000000023fa7f90
0x000000002a6faa00:   000000001d58a380 000000007642031e
0x000000002a6faa10:   00000000eb528b70 00000000000000d8
0x000000002a6faa20:   000000002a6fba18 0000000000000001
0x000000002a6faa30:   0000000000000000 0000004600000000
0x000000002a6faa40:   0000000081de8b38 0000000000000022
0x000000002a6faa50:   000000002a6fab30 000000007ffffff7
0x000000002a6faa60:   000000000001224a 000000007642161e
0x000000002a6faa70:   0000000000000001 00000000057139f4
0x000000002a6faa80:   0000000000000007 000000001d58a3c0
0x000000002a6faa90:   00000001003a0508 000000007646658e
0x000000002a6faaa0:   00000000eb504618 00000000eb528bb8
0x000000002a6faab0:   0000000000000002 000000001aa94800
0x000000002a6faac0:   000000001aa94800 000000007647d436
0x000000002a6faad0:   00000001003a0508 0000000000000063 

Instructions: (pc=0x00000000049992b6)
0x0000000004999296:   eb 7c e4 3b eb 7d 78 eb 1e bf 2f 00 00 00 66 0f
0x00000000049992a6:   1f 44 00 00 66 0f 1f 44 00 00 66 43 89 7c 5a 16
0x00000000049992b6:   83 c5 04 3b eb 7d 58 41 0f b7 4c 68 10 83 f9 2e
0x00000000049992c6:   74 3f 66 41 89 4c 6a 10 4c 63 dd 43 0f b7 7c 58 


Register to memory mapping:

RAX=0x0000000000000000 is an unknown value
RBX=0x0000000000000025 is an unknown value
RCX=0x0000000000000061 is an unknown value
RDX=0x0000000000000072 is an unknown value
RSP=0x000000002a6fa9e0 is pointing into the stack for thread: 0x000000001aa94800
RBP=0x000000000000001c is an unknown value
RSI=0x00000000eb528b98 is an oop

[error occurred during error reporting (printing register info), id 0xc0000005]

Stack: [0x000000002a600000,0x000000002a700000],  sp=0x000000002a6fa9e0,  free space=1002k
Native frames: (J=compiled Java code, j=interpreted, Vv=VM code, C=native code)
C  0x00000000049992b6


---------------  P R O C E S S  ---------------

Java Threads: ( => current thread )
  0x000000001fac6000 JavaThread "http-nio-8080-Acceptor" daemon [_thread_in_native, id=19076, stack(0x000000002b000000,0x000000002b100000)]
  0x000000001fabb800 JavaThread "http-nio-8080-ClientPoller" daemon [_thread_in_native, id=13080, stack(0x000000002af00000,0x000000002b000000)]
  0x000000001fac2800 JavaThread "http-nio-8080-exec-10" daemon [_thread_blocked, id=21204, stack(0x000000002ae00000,0x000000002af00000)]
  0x000000001fabe800 JavaThread "http-nio-8080-exec-9" daemon [_thread_blocked, id=17216, stack(0x000000002ad00000,0x000000002ae00000)]
  0x000000001fac0000 JavaThread "http-nio-8080-exec-8" daemon [_thread_blocked, id=8236, stack(0x000000002ac00000,0x000000002ad00000)]
  0x000000001fabc800 JavaThread "http-nio-8080-exec-7" daemon [_thread_blocked, id=20308, stack(0x000000002ab00000,0x000000002ac00000)]
  0x000000001fabb000 JavaThread "http-nio-8080-exec-6" daemon [_thread_blocked, id=12628, stack(0x000000002aa00000,0x000000002ab00000)]
  0x000000001aa98000 JavaThread "http-nio-8080-exec-5" daemon [_thread_blocked, id=19708, stack(0x000000002a900000,0x000000002aa00000)]
  0x000000001aa96800 JavaThread "http-nio-8080-exec-4" daemon [_thread_blocked, id=18112, stack(0x000000002a800000,0x000000002a900000)]
  0x000000001aa96000 JavaThread "http-nio-8080-exec-3" daemon [_thread_blocked, id=13140, stack(0x000000002a700000,0x000000002a800000)]
=>0x000000001aa94800 JavaThread "http-nio-8080-exec-2" daemon [_thread_in_Java, id=11116, stack(0x000000002a600000,0x000000002a700000)]
  0x000000001aa93800 JavaThread "http-nio-8080-exec-1" daemon [_thread_blocked, id=3972, stack(0x000000002a500000,0x000000002a600000)]
  0x000000001aa95000 JavaThread "http-nio-8080-BlockPoller" daemon [_thread_in_native, id=13368, stack(0x000000002a400000,0x000000002a500000)]
  0x000000001aa93000 JavaThread "File Watcher" daemon [_thread_blocked, id=7256, stack(0x000000002a300000,0x000000002a400000)]
  0x000000001aa92000 JavaThread "container-4" [_thread_blocked, id=17288, stack(0x0000000029e00000,0x0000000029f00000)]
  0x000000001aa8a800 JavaThread "Catalina-utility-2" [_thread_blocked, id=15448, stack(0x0000000029d00000,0x0000000029e00000)]
  0x000000001aa91800 JavaThread "Catalina-utility-1" [_thread_blocked, id=21192, stack(0x0000000029c00000,0x0000000029d00000)]
  0x000000001aa8d800 JavaThread "HikariPool-50 housekeeper" daemon [_thread_blocked, id=14108, stack(0x0000000028a00000,0x0000000028b00000)]
  0x000000001fac1000 JavaThread "File Watcher" daemon [_thread_blocked, id=6808, stack(0x00000000263d0000,0x00000000264d0000)]
  0x000000001cb24000 JavaThread "File Watcher" daemon [_thread_blocked, id=10932, stack(0x0000000025a00000,0x0000000025b00000)]
  0x000000001cb25800 JavaThread "File Watcher" daemon [_thread_blocked, id=8244, stack(0x0000000025900000,0x0000000025a00000)]
  0x000000001fab8800 JavaThread "File Watcher" daemon [_thread_blocked, id=17200, stack(0x00000000255d0000,0x00000000256d0000)]
  0x000000001fd18800 JavaThread "File Watcher" daemon [_thread_blocked, id=12556, stack(0x00000000254d0000,0x00000000255d0000)]
  0x000000001fd0e000 JavaThread "DestroyJavaVM" [_thread_blocked, id=20488, stack(0x00000000026e0000,0x00000000027e0000)]
  0x000000001cb22800 JavaThread "Live Reload Server" daemon [_thread_in_native, id=5228, stack(0x00000000236f0000,0x00000000237f0000)]
  0x000000001cb22000 JavaThread "mysql-cj-abandoned-connection-cleanup" daemon [_thread_blocked, id=15456, stack(0x000000001c0e0000,0x000000001c1e0000)]
  0x000000001976d000 JavaThread "Service Thread" daemon [_thread_blocked, id=11968, stack(0x000000001a3b0000,0x000000001a4b0000)]
  0x00000000196df000 JavaThread "C1 CompilerThread3" daemon [_thread_blocked, id=13696, stack(0x000000001a2b0000,0x000000001a3b0000)]
  0x00000000196db000 JavaThread "C2 CompilerThread2" daemon [_thread_blocked, id=6572, stack(0x000000001a1b0000,0x000000001a2b0000)]
  0x00000000196d6000 JavaThread "C2 CompilerThread1" daemon [_thread_blocked, id=1380, stack(0x000000001a0b0000,0x000000001a1b0000)]
  0x00000000196d4000 JavaThread "C2 CompilerThread0" daemon [_thread_blocked, id=8748, stack(0x0000000019fb0000,0x000000001a0b0000)]
  0x00000000196d1800 JavaThread "Attach Listener" daemon [_thread_blocked, id=19992, stack(0x0000000019eb0000,0x0000000019fb0000)]
  0x00000000196d0800 JavaThread "Signal Dispatcher" daemon [_thread_blocked, id=5760, stack(0x0000000019db0000,0x0000000019eb0000)]
  0x00000000196c1800 JavaThread "Finalizer" daemon [_thread_blocked, id=12752, stack(0x0000000019ba0000,0x0000000019ca0000)]
  0x00000000178bd800 JavaThread "Reference Handler" daemon [_thread_blocked, id=5884, stack(0x0000000019aa0000,0x0000000019ba0000)]

Other Threads:
  0x00000000178b8800 VMThread [stack: 0x00000000195a0000,0x00000000196a0000] [id=16960]
  0x00000000196fd000 WatcherThread [stack: 0x000000001a610000,0x000000001a710000] [id=5452]

VM state:not at safepoint (normal execution)

VM Mutex/Monitor currently owned by a thread: None

Heap:
 PSYoungGen      total 395264K, used 351902K [0x00000000d5e00000, 0x00000000ef180000, 0x0000000100000000)
  eden space 377344K, 93% used [0x00000000d5e00000,0x00000000eb5a7a40,0x00000000ece80000)
  from space 17920K, 0% used [0x00000000ece80000,0x00000000ece80000,0x00000000ee000000)
  to   space 17920K, 0% used [0x00000000ee000000,0x00000000ee000000,0x00000000ef180000)
 ParOldGen       total 133120K, used 54283K [0x0000000081a00000, 0x0000000089c00000, 0x00000000d5e00000)
  object space 133120K, 40% used [0x0000000081a00000,0x0000000084f02e08,0x0000000089c00000)
 Metaspace       used 130098K, capacity 138494K, committed 138904K, reserved 1171456K
  class space    used 14340K, capacity 16390K, committed 16560K, reserved 1048576K

Card table byte_map: [0x0000000011cf0000,0x00000000120f0000] byte_map_base: 0x00000000118e3000

Marking Bits: (ParMarkBitMap*) 0x0000000076b93e30
 Begin Bits: [0x0000000012ba0000, 0x0000000014b38000)
 End Bits:   [0x0000000014b38000, 0x0000000016ad0000)

Polling page: 0x0000000000950000

CodeCache: size=245760Kb used=81795Kb max_used=81862Kb free=163964Kb
 bounds [0x0000000002930000, 0x00000000079b0000, 0x0000000011930000]
 total_blobs=21229 nmethods=20612 adapters=525
 compilation: enabled

Compilation events (10 events):
Event: 11919.883 Thread 0x00000000196df000 26177   !   3       org.apache.catalina.mapper.Mapper::internalMap (495 bytes)
Event: 11919.888 Thread 0x00000000196df000 nmethod 26177 0x000000000799f4d0 code [0x000000000799f8e0, 0x00000000079a29a8]
Event: 11919.890 Thread 0x00000000196df000 26178       3       org.apache.catalina.connector.Request::getServerCookies (12 bytes)
Event: 11919.891 Thread 0x00000000196df000 nmethod 26178 0x0000000002deebd0 code [0x0000000002deed40, 0x0000000002deef88]
Event: 11919.893 Thread 0x00000000196df000 26179   !   3       org.apache.catalina.valves.ErrorReportValve::invoke (124 bytes)
Event: 11919.896 Thread 0x00000000196df000 nmethod 26179 0x00000000079a4550 code [0x00000000079a48e0, 0x00000000079a6dd8]
Event: 11919.898 Thread 0x00000000196df000 26180       3       org.apache.catalina.connector.RequestFacade::setCharacterEncoding (32 bytes)
Event: 11919.900 Thread 0x00000000196df000 nmethod 26180 0x0000000002cf28d0 code [0x0000000002cf2a80, 0x0000000002cf2fc8]
Event: 11919.901 Thread 0x00000000196df000 26181       3       org.springframework.web.filter.FormContentFilter::parseIfNecessary (31 bytes)
Event: 11919.902 Thread 0x00000000196df000 nmethod 26181 0x0000000002e98410 code [0x0000000002e985a0, 0x0000000002e988c8]

GC Heap History (10 events):
Event: 11882.580 GC heap before
{Heap before GC invocations=157 (full 46):
 PSYoungGen      total 392192K, used 374784K [0x00000000d5e00000, 0x00000000eef00000, 0x0000000100000000)
  eden space 374784K, 100% used [0x00000000d5e00000,0x00000000ecc00000,0x00000000ecc00000)
  from space 17408K, 0% used [0x00000000ede00000,0x00000000ede00000,0x00000000eef00000)
  to   space 17920K, 0% used [0x00000000ecc00000,0x00000000ecc00000,0x00000000edd80000)
 ParOldGen       total 133120K, used 49551K [0x0000000081a00000, 0x0000000089c00000, 0x00000000d5e00000)
  object space 133120K, 37% used [0x0000000081a00000,0x0000000084a63d90,0x0000000089c00000)
 Metaspace       used 127981K, capacity 136264K, committed 136600K, reserved 1169408K
  class space    used 14173K, capacity 16181K, committed 16304K, reserved 1048576K
Event: 11882.593 GC heap after
Heap after GC invocations=157 (full 46):
 PSYoungGen      total 392704K, used 12866K [0x00000000d5e00000, 0x00000000ef280000, 0x0000000100000000)
  eden space 374784K, 0% used [0x00000000d5e00000,0x00000000d5e00000,0x00000000ecc00000)
  from space 17920K, 71% used [0x00000000ecc00000,0x00000000ed890ab0,0x00000000edd80000)
  to   space 18432K, 0% used [0x00000000ee080000,0x00000000ee080000,0x00000000ef280000)
 ParOldGen       total 133120K, used 49559K [0x0000000081a00000, 0x0000000089c00000, 0x00000000d5e00000)
  object space 133120K, 37% used [0x0000000081a00000,0x0000000084a65d90,0x0000000089c00000)
 Metaspace       used 127981K, capacity 136264K, committed 136600K, reserved 1169408K
  class space    used 14173K, capacity 16181K, committed 16304K, reserved 1048576K
}
Event: 11889.528 GC heap before
{Heap before GC invocations=158 (full 46):
 PSYoungGen      total 392704K, used 27357K [0x00000000d5e00000, 0x00000000ef280000, 0x0000000100000000)
  eden space 374784K, 3% used [0x00000000d5e00000,0x00000000d6c26d38,0x00000000ecc00000)
  from space 17920K, 71% used [0x00000000ecc00000,0x00000000ed890ab0,0x00000000edd80000)
  to   space 18432K, 0% used [0x00000000ee080000,0x00000000ee080000,0x00000000ef280000)
 ParOldGen       total 133120K, used 49559K [0x0000000081a00000, 0x0000000089c00000, 0x00000000d5e00000)
  object space 133120K, 37% used [0x0000000081a00000,0x0000000084a65d90,0x0000000089c00000)
 Metaspace       used 127983K, capacity 136270K, committed 136600K, reserved 1169408K
  class space    used 14174K, capacity 16183K, committed 16304K, reserved 1048576K
Event: 11889.534 GC heap after
Heap after GC invocations=158 (full 46):
 PSYoungGen      total 394752K, used 7888K [0x00000000d5e00000, 0x00000000ef180000, 0x0000000100000000)
  eden space 377344K, 0% used [0x00000000d5e00000,0x00000000d5e00000,0x00000000ece80000)
  from space 17408K, 45% used [0x00000000ee080000,0x00000000ee8340a0,0x00000000ef180000)
  to   space 17920K, 0% used [0x00000000ece80000,0x00000000ece80000,0x00000000ee000000)
 ParOldGen       total 133120K, used 49559K [0x0000000081a00000, 0x0000000089c00000, 0x00000000d5e00000)
  object space 133120K, 37% used [0x0000000081a00000,0x0000000084a65d90,0x0000000089c00000)
 Metaspace       used 127983K, capacity 136270K, committed 136600K, reserved 1169408K
  class space    used 14174K, capacity 16183K, committed 16304K, reserved 1048576K
}
Event: 11889.534 GC heap before
{Heap before GC invocations=159 (full 47):
 PSYoungGen      total 394752K, used 7888K [0x00000000d5e00000, 0x00000000ef180000, 0x0000000100000000)
  eden space 377344K, 0% used [0x00000000d5e00000,0x00000000d5e00000,0x00000000ece80000)
  from space 17408K, 45% used [0x00000000ee080000,0x00000000ee8340a0,0x00000000ef180000)
  to   space 17920K, 0% used [0x00000000ece80000,0x00000000ece80000,0x00000000ee000000)
 ParOldGen       total 133120K, used 49559K [0x0000000081a00000, 0x0000000089c00000, 0x00000000d5e00000)
  object space 133120K, 37% used [0x0000000081a00000,0x0000000084a65d90,0x0000000089c00000)
 Metaspace       used 127983K, capacity 136270K, committed 136600K, reserved 1169408K
  class space    used 14174K, capacity 16183K, committed 16304K, reserved 1048576K
Event: 11889.788 GC heap after
Heap after GC invocations=159 (full 47):
 PSYoungGen      total 394752K, used 0K [0x00000000d5e00000, 0x00000000ef180000, 0x0000000100000000)
  eden space 377344K, 0% used [0x00000000d5e00000,0x00000000d5e00000,0x00000000ece80000)
  from space 17408K, 0% used [0x00000000ee080000,0x00000000ee080000,0x00000000ef180000)
  to   space 17920K, 0% used [0x00000000ece80000,0x00000000ece80000,0x00000000ee000000)
 ParOldGen       total 133120K, used 49810K [0x0000000081a00000, 0x0000000089c00000, 0x00000000d5e00000)
  object space 133120K, 37% used [0x0000000081a00000,0x0000000084aa4828,0x0000000089c00000)
 Metaspace       used 127951K, capacity 136216K, committed 136600K, reserved 1169408K
  class space    used 14169K, capacity 16173K, committed 16304K, reserved 1048576K
}
Event: 11912.598 GC heap before
{Heap before GC invocations=160 (full 47):
 PSYoungGen      total 394752K, used 372606K [0x00000000d5e00000, 0x00000000ef180000, 0x0000000100000000)
  eden space 377344K, 98% used [0x00000000d5e00000,0x00000000ec9dfa38,0x00000000ece80000)
  from space 17408K, 0% used [0x00000000ee080000,0x00000000ee080000,0x00000000ef180000)
  to   space 17920K, 0% used [0x00000000ece80000,0x00000000ece80000,0x00000000ee000000)
 ParOldGen       total 133120K, used 49810K [0x0000000081a00000, 0x0000000089c00000, 0x00000000d5e00000)
  object space 133120K, 37% used [0x0000000081a00000,0x0000000084aa4828,0x0000000089c00000)
 Metaspace       used 129097K, capacity 137350K, committed 137752K, reserved 1171456K
  class space    used 14258K, capacity 16287K, committed 16432K, reserved 1048576K
Event: 11912.608 GC heap after
Heap after GC invocations=160 (full 47):
 PSYoungGen      total 395264K, used 11955K [0x00000000d5e00000, 0x00000000ef180000, 0x0000000100000000)
  eden space 377344K, 0% used [0x00000000d5e00000,0x00000000d5e00000,0x00000000ece80000)
  from space 17920K, 66% used [0x00000000ece80000,0x00000000eda2cda8,0x00000000ee000000)
  to   space 17920K, 0% used [0x00000000ee000000,0x00000000ee000000,0x00000000ef180000)
 ParOldGen       total 133120K, used 49818K [0x0000000081a00000, 0x0000000089c00000, 0x00000000d5e00000)
  object space 133120K, 37% used [0x0000000081a00000,0x0000000084aa6828,0x0000000089c00000)
 Metaspace       used 129097K, capacity 137350K, committed 137752K, reserved 1171456K
  class space    used 14258K, capacity 16287K, committed 16432K, reserved 1048576K
}
Event: 11912.608 GC heap before
{Heap before GC invocations=161 (full 48):
 PSYoungGen      total 395264K, used 11955K [0x00000000d5e00000, 0x00000000ef180000, 0x0000000100000000)
  eden space 377344K, 0% used [0x00000000d5e00000,0x00000000d5e00000,0x00000000ece80000)
  from space 17920K, 66% used [0x00000000ece80000,0x00000000eda2cda8,0x00000000ee000000)
  to   space 17920K, 0% used [0x00000000ee000000,0x00000000ee000000,0x00000000ef180000)
 ParOldGen       total 133120K, used 49818K [0x0000000081a00000, 0x0000000089c00000, 0x00000000d5e00000)
  object space 133120K, 37% used [0x0000000081a00000,0x0000000084aa6828,0x0000000089c00000)
 Metaspace       used 129097K, capacity 137350K, committed 137752K, reserved 1171456K
  class space    used 14258K, capacity 16287K, committed 16432K, reserved 1048576K
Event: 11912.906 GC heap after
Heap after GC invocations=161 (full 48):
 PSYoungGen      total 395264K, used 0K [0x00000000d5e00000, 0x00000000ef180000, 0x0000000100000000)
  eden space 377344K, 0% used [0x00000000d5e00000,0x00000000d5e00000,0x00000000ece80000)
  from space 17920K, 0% used [0x00000000ece80000,0x00000000ece80000,0x00000000ee000000)
  to   space 17920K, 0% used [0x00000000ee000000,0x00000000ee000000,0x00000000ef180000)
 ParOldGen       total 133120K, used 54283K [0x0000000081a00000, 0x0000000089c00000, 0x00000000d5e00000)
  object space 133120K, 40% used [0x0000000081a00000,0x0000000084f02e08,0x0000000089c00000)
 Metaspace       used 129069K, capacity 137302K, committed 137752K, reserved 1171456K
  class space    used 14254K, capacity 16278K, committed 16432K, reserved 1048576K
}

Deoptimization events (10 events):
Event: 11014.467 Thread 0x000000001aa90800 Uncommon trap: reason=class_check action=maybe_recompile pc=0x0000000005e89684 method=java.util.Collections$UnmodifiableSet.hashCode()I @ 4
Event: 11078.714 Thread 0x000000001aa90800 Uncommon trap: reason=class_check action=maybe_recompile pc=0x0000000005191208 method=java.util.concurrent.ConcurrentMap.computeIfAbsent(Ljava/lang/Object;Ljava/util/function/Function;)Ljava/lang/Object; @ 7
Event: 11078.714 Thread 0x000000001aa90800 Uncommon trap: reason=class_check action=maybe_recompile pc=0x0000000005e89684 method=java.util.Collections$UnmodifiableSet.hashCode()I @ 4
Event: 11269.240 Thread 0x000000001aa93800 Uncommon trap: reason=unstable_if action=reinterpret pc=0x000000000658d03c method=com.fasterxml.jackson.databind.introspect.AnnotatedClassResolver.resolve(Lcom/fasterxml/jackson/databind/cfg/MapperConfig;Lcom/fasterxml/jackson/databind/JavaType;Lcom/faste
Event: 11317.463 Thread 0x000000001fabc800 Uncommon trap: reason=unstable_if action=reinterpret pc=0x0000000003ac6e60 method=org.apache.tomcat.util.net.NioEndpoint$Poller.timeout(IZ)V @ 109
Event: 11375.136 Thread 0x000000001fabe800 Uncommon trap: reason=class_check action=maybe_recompile pc=0x0000000003958ce4 method=net.bytebuddy.dynamic.scaffold.MethodRegistry$Default$Entry.asPreparedEntry(Lnet/bytebuddy/description/type/TypeDescription;Lnet/bytebuddy/description/method/MethodDescr
Event: 11375.136 Thread 0x000000001fabe800 Uncommon trap: reason=class_check action=maybe_recompile pc=0x0000000003958ce4 method=net.bytebuddy.dynamic.scaffold.MethodRegistry$Default$Entry.asPreparedEntry(Lnet/bytebuddy/description/type/TypeDescription;Lnet/bytebuddy/description/method/MethodDescr
Event: 11375.141 Thread 0x000000001fabe800 Uncommon trap: reason=class_check action=maybe_recompile pc=0x0000000003958ce4 method=net.bytebuddy.dynamic.scaffold.MethodRegistry$Default$Entry.asPreparedEntry(Lnet/bytebuddy/description/type/TypeDescription;Lnet/bytebuddy/description/method/MethodDescr
Event: 11375.141 Thread 0x000000001fabe800 Uncommon trap: reason=class_check action=maybe_recompile pc=0x0000000003958ce4 method=net.bytebuddy.dynamic.scaffold.MethodRegistry$Default$Entry.asPreparedEntry(Lnet/bytebuddy/description/type/TypeDescription;Lnet/bytebuddy/description/method/MethodDescr
Event: 11914.113 Thread 0x000000001aa8d000 Uncommon trap: reason=null_check action=make_not_entrant pc=0x000000000494b73c method=org.springframework.data.util.TypeDiscoverer.isMap()Z @ 30

Classes redefined (0 events):
No events

Internal exceptions (10 events):
Event: 11914.121 Thread 0x000000001aa8d000 Exception <a 'java/lang/ClassNotFoundException': br/edu/ifrs/restinga/requisicoes/modelo/entidade/PerfilCustomizer> (0x00000000e3179cd8) thrown at [C:\re\workspace\8-2-build-windows-amd64-cygwin\jdk8u191\11896\hotspot\src\share\vm\classfile\systemDictiona
Event: 11914.121 Thread 0x000000001aa8d000 Exception <a 'java/lang/ClassNotFoundException': br/edu/ifrs/restinga/requisicoes/modelo/entidade/PerfilServidorCustomizer> (0x00000000e31a38d8) thrown at [C:\re\workspace\8-2-build-windows-amd64-cygwin\jdk8u191\11896\hotspot\src\share\vm\classfile\system
Event: 11914.122 Thread 0x000000001aa8d000 Exception <a 'java/lang/ClassNotFoundException': br/edu/ifrs/restinga/requisicoes/modelo/entidade/EntidadeCustomizer> (0x00000000e31d5fd0) thrown at [C:\re\workspace\8-2-build-windows-amd64-cygwin\jdk8u191\11896\hotspot\src\share\vm\classfile\systemDictio
Event: 11914.122 Thread 0x000000001aa8d000 Exception <a 'java/lang/ClassNotFoundException': br/edu/ifrs/restinga/requisicoes/modelo/entidade/EntidadeCustomizer> (0x00000000e31f8e30) thrown at [C:\re\workspace\8-2-build-windows-amd64-cygwin\jdk8u191\11896\hotspot\src\share\vm\classfile\systemDictio
Event: 11914.201 Thread 0x000000001aa8d000 Exception <a 'java/io/FileNotFoundException'> (0x00000000e40c30d0) thrown at [C:\re\workspace\8-2-build-windows-amd64-cygwin\jdk8u191\11896\hotspot\src\share\vm\prims\jni.cpp, line 709]
Event: 11914.203 Thread 0x000000001aa8d000 Exception <a 'java/io/FileNotFoundException'> (0x00000000e4114b68) thrown at [C:\re\workspace\8-2-build-windows-amd64-cygwin\jdk8u191\11896\hotspot\src\share\vm\prims\jni.cpp, line 709]
Event: 11916.625 Thread 0x000000001aa8d000 Exception <a 'java/lang/ClassNotFoundException': org/springframework/data/domain/PageableBeanInfo> (0x00000000e5825b20) thrown at [C:\re\workspace\8-2-build-windows-amd64-cygwin\jdk8u191\11896\hotspot\src\share\vm\classfile\systemDictionary.cpp, line 210]
Event: 11916.626 Thread 0x000000001aa8d000 Exception <a 'java/lang/ClassNotFoundException': org/springframework/data/domain/PageableCustomizer> (0x00000000e583c580) thrown at [C:\re\workspace\8-2-build-windows-amd64-cygwin\jdk8u191\11896\hotspot\src\share\vm\classfile\systemDictionary.cpp, line 21
Event: 11916.753 Thread 0x000000001aa8d000 Exception <a 'java/lang/ClassNotFoundException': org/springframework/security/core/AuthenticationBeanInfo> (0x00000000e9e25838) thrown at [C:\re\workspace\8-2-build-windows-amd64-cygwin\jdk8u191\11896\hotspot\src\share\vm\classfile\systemDictionary.cpp, l
Event: 11916.753 Thread 0x000000001aa8d000 Exception <a 'java/lang/ClassNotFoundException': org/springframework/security/core/AuthenticationCustomizer> (0x00000000e9e3e948) thrown at [C:\re\workspace\8-2-build-windows-amd64-cygwin\jdk8u191\11896\hotspot\src\share\vm\classfile\systemDictionary.cpp,

Events (10 events):
Event: 11919.888 Thread 0x00000000196df000 flushing nmethod 0x000000000303d710
Event: 11919.893 Executing VM operation: RevokeBias
Event: 11919.893 Executing VM operation: RevokeBias done
Event: 11919.894 Executing VM operation: RevokeBias
Event: 11919.894 Executing VM operation: RevokeBias done
Event: 11919.894 Executing VM operation: RevokeBias
Event: 11919.895 Executing VM operation: RevokeBias done
Event: 11919.897 Thread 0x00000000196df000 flushing nmethod 0x000000000355c0d0
Event: 11919.897 Thread 0x00000000196df000 flushing nmethod 0x000000000355c650
Event: 11919.900 Thread 0x00000000196df000 flushing nmethod 0x000000000395aa90


Dynamic libraries:
0x00007ff64d7b0000 - 0x00007ff64d7e7000 	C:\Program Files\Java\jdk1.8.0_191\bin\java.exe
0x00007fffd7ec0000 - 0x00007fffd80b0000 	C:\WINDOWS\SYSTEM32\ntdll.dll
0x00007fffd6720000 - 0x00007fffd67d2000 	C:\WINDOWS\System32\KERNEL32.DLL
0x00007fffd59c0000 - 0x00007fffd5c64000 	C:\WINDOWS\System32\KERNELBASE.dll
0x00007fffd6070000 - 0x00007fffd6113000 	C:\WINDOWS\System32\ADVAPI32.dll
0x00007fffd5f70000 - 0x00007fffd600e000 	C:\WINDOWS\System32\msvcrt.dll
0x00007fffd77f0000 - 0x00007fffd7887000 	C:\WINDOWS\System32\sechost.dll
0x00007fffd78c0000 - 0x00007fffd79e0000 	C:\WINDOWS\System32\RPCRT4.dll
0x00007fffd75a0000 - 0x00007fffd7734000 	C:\WINDOWS\System32\USER32.dll
0x00007fffd5d40000 - 0x00007fffd5d61000 	C:\WINDOWS\System32\win32u.dll
0x00007fffd7890000 - 0x00007fffd78b6000 	C:\WINDOWS\System32\GDI32.dll
0x00007fffd50a0000 - 0x00007fffd5234000 	C:\WINDOWS\System32\gdi32full.dll
0x00007fffd4ed0000 - 0x00007fffd4f6e000 	C:\WINDOWS\System32\msvcp_win.dll
0x00007fffd4fa0000 - 0x00007fffd509a000 	C:\WINDOWS\System32\ucrtbase.dll
0x00007fffcb8b0000 - 0x00007fffcbb34000 	C:\WINDOWS\WinSxS\amd64_microsoft.windows.common-controls_6595b64144ccf1df_6.0.18362.836_none_e6c4b943130f18ed\COMCTL32.dll
0x00007fffd67e0000 - 0x00007fffd6b16000 	C:\WINDOWS\System32\combase.dll
0x00007fffd4e50000 - 0x00007fffd4ed0000 	C:\WINDOWS\System32\bcryptPrimitives.dll
0x00007fffd7e50000 - 0x00007fffd7e7e000 	C:\WINDOWS\System32\IMM32.DLL
0x0000000050670000 - 0x0000000050742000 	C:\Program Files\Java\jdk1.8.0_191\jre\bin\msvcr100.dll
0x0000000076370000 - 0x0000000076c14000 	C:\Program Files\Java\jdk1.8.0_191\jre\bin\server\jvm.dll
0x00007fffd6ea0000 - 0x00007fffd6ea8000 	C:\WINDOWS\System32\PSAPI.DLL
0x00007fffd1a10000 - 0x00007fffd1a19000 	C:\WINDOWS\SYSTEM32\WSOCK32.dll
0x00007fffca5a0000 - 0x00007fffca5c4000 	C:\WINDOWS\SYSTEM32\WINMM.dll
0x00007fffcbbd0000 - 0x00007fffcbbda000 	C:\WINDOWS\SYSTEM32\VERSION.dll
0x00007fffd6cd0000 - 0x00007fffd6d3f000 	C:\WINDOWS\System32\WS2_32.dll
0x00007fffc92a0000 - 0x00007fffc92cd000 	C:\WINDOWS\SYSTEM32\winmmbase.dll
0x00007fffd5cf0000 - 0x00007fffd5d3a000 	C:\WINDOWS\System32\cfgmgr32.dll
0x0000000050660000 - 0x000000005066f000 	C:\Program Files\Java\jdk1.8.0_191\jre\bin\verify.dll
0x0000000050630000 - 0x0000000050659000 	C:\Program Files\Java\jdk1.8.0_191\jre\bin\java.dll
0x0000000050610000 - 0x0000000050626000 	C:\Program Files\Java\jdk1.8.0_191\jre\bin\zip.dll
0x00007fffd6eb0000 - 0x00007fffd7594000 	C:\WINDOWS\System32\SHELL32.dll
0x00007fffd7740000 - 0x00007fffd77e9000 	C:\WINDOWS\System32\shcore.dll
0x00007fffd5240000 - 0x00007fffd59be000 	C:\WINDOWS\System32\windows.storage.dll
0x00007fffd4dd0000 - 0x00007fffd4df3000 	C:\WINDOWS\System32\profapi.dll
0x00007fffd4e00000 - 0x00007fffd4e4a000 	C:\WINDOWS\System32\powrprof.dll
0x00007fffd4d80000 - 0x00007fffd4d90000 	C:\WINDOWS\System32\UMPDC.dll
0x00007fffd6b20000 - 0x00007fffd6b72000 	C:\WINDOWS\System32\shlwapi.dll
0x00007fffd4db0000 - 0x00007fffd4dc1000 	C:\WINDOWS\System32\kernel.appcore.dll
0x00007fffd5cd0000 - 0x00007fffd5ce7000 	C:\WINDOWS\System32\cryptsp.dll
0x00000000505c0000 - 0x00000000505cd000 	C:\Program Files\Java\jdk1.8.0_191\jre\bin\management.dll
0x00000000505f0000 - 0x000000005060a000 	C:\Program Files\Java\jdk1.8.0_191\jre\bin\net.dll
0x00007fffd45f0000 - 0x00007fffd4657000 	C:\WINDOWS\system32\mswsock.dll
0x00007fffc76a0000 - 0x00007fffc76b6000 	C:\WINDOWS\system32\napinsp.dll
0x00007fffc6d30000 - 0x00007fffc6d4a000 	C:\WINDOWS\system32\pnrpnsp.dll
0x00007fffd4340000 - 0x00007fffd440b000 	C:\WINDOWS\SYSTEM32\DNSAPI.dll
0x00007fffd62e0000 - 0x00007fffd62e8000 	C:\WINDOWS\System32\NSI.dll
0x00007fffd4300000 - 0x00007fffd433a000 	C:\WINDOWS\SYSTEM32\IPHLPAPI.DLL
0x00007fffc7690000 - 0x00007fffc769e000 	C:\WINDOWS\System32\winrnr.dll
0x00007fffcfa90000 - 0x00007fffcfaac000 	C:\WINDOWS\system32\NLAapi.dll
0x00007fffd0610000 - 0x00007fffd0625000 	C:\WINDOWS\system32\wshbth.dll
0x00007fffce270000 - 0x00007fffce27a000 	C:\Windows\System32\rasadhlp.dll
0x00007fffcd190000 - 0x00007fffcd207000 	C:\WINDOWS\System32\fwpuclnt.dll
0x00007fffd4f70000 - 0x00007fffd4f96000 	C:\WINDOWS\System32\bcrypt.dll
0x00000000505d0000 - 0x00000000505e1000 	C:\Program Files\Java\jdk1.8.0_191\jre\bin\nio.dll
0x00007fffd4160000 - 0x00007fffd4193000 	C:\WINDOWS\system32\rsaenh.dll
0x00007fffd4c70000 - 0x00007fffd4c95000 	C:\WINDOWS\SYSTEM32\USERENV.dll
0x00007fffd47c0000 - 0x00007fffd47cc000 	C:\WINDOWS\SYSTEM32\CRYPTBASE.dll
0x00007fffcdbe0000 - 0x00007fffcdbf6000 	C:\WINDOWS\SYSTEM32\dhcpcsvc6.DLL
0x00007fffcef90000 - 0x00007fffcefac000 	C:\WINDOWS\SYSTEM32\dhcpcsvc.DLL
0x0000000050590000 - 0x00000000505b4000 	C:\Program Files\Java\jdk1.8.0_191\jre\bin\sunec.dll
0x0000000050580000 - 0x000000005058b000 	C:\Program Files\Java\jdk1.8.0_191\jre\bin\sunmscapi.dll
0x00007fffd5d70000 - 0x00007fffd5eb9000 	C:\WINDOWS\System32\CRYPT32.dll
0x00007fffd4d90000 - 0x00007fffd4da2000 	C:\WINDOWS\System32\MSASN1.dll
0x00007fffce070000 - 0x00007fffce264000 	C:\WINDOWS\SYSTEM32\dbghelp.dll

VM Arguments:
java_command: br.edu.ifrs.restinga.requisicoes.RequisicoesApplication
java_class_path (initial): C:\Users\jader\Área de Trabalho\TCC\Back-end-2Tcc\target\classes;C:\Users\jader\.m2\repository\io\springfox\springfox-swagger2\2.7.0\springfox-swagger2-2.7.0.jar;C:\Users\jader\.m2\repository\io\swagger\swagger-annotations\1.5.13\swagger-annotations-1.5.13.jar;C:\Users\jader\.m2\repository\io\springfox\springfox-spi\2.7.0\springfox-spi-2.7.0.jar;C:\Users\jader\.m2\repository\io\springfox\springfox-core\2.7.0\springfox-core-2.7.0.jar;C:\Users\jader\.m2\repository\io\springfox\springfox-schema\2.7.0\springfox-schema-2.7.0.jar;C:\Users\jader\.m2\repository\io\springfox\springfox-swagger-common\2.7.0\springfox-swagger-common-2.7.0.jar;C:\Users\jader\.m2\repository\io\springfox\springfox-spring-web\2.7.0\springfox-spring-web-2.7.0.jar;C:\Users\jader\.m2\repository\org\reflections\reflections\0.9.11\reflections-0.9.11.jar;C:\Users\jader\.m2\repository\com\google\guava\guava\18.0\guava-18.0.jar;C:\Users\jader\.m2\repository\com\fasterxml\classmate\1.5.1\classmate-1.5.1.jar;C:\Users\jader\.m2\repository\org\slf4j\slf4j-api\1.7.30\slf4j-api-1.7.30.jar;C:\Users\jader\.m2\repository\org\springframework\plugin\spring-plugin-core\1.2.0.RELEASE\spring-plugin-core-1.2.0.RELEASE.jar;C:\Users\jader\.m2\repository\org\springframework\plugin\spring-plugin-metadata\1.2.0.RELEASE\spring-plugin-metadata-1.2.0.RELEASE.jar;C:\Users\jader\.m2\repository\org\mapstruct\mapstruct\1.1.0.Final\mapstruct-1.1.0.Final.jar;C:\Users\jader\.m2\repository\io\springfox\springfox-swagger-ui\2.7.0\springfox-swagger-ui-2.7.0.jar;C:\Users\jader\.m2\repository\org\springframework\boot\spring-boot-starter-mail\2.2.6.RELEASE\spring-boot-starter-mail-2.2.6.RELEASE.jar;C:\Users\jader\.m2\repository\org\springframework\boot\spring-boot-starter\2.2.6.RELEASE\spring-boot-starter-2.2.6.RELEASE.jar;C:\Users\jader\.m2\repository\org\springframework\boot\spring-boot-starter-logging\2.2.6.RELEASE\spring-boot-starter-logging-2.2.6.RELEASE.jar;C:\Users\jader\.m2\repository\ch\qos\logback\logba
Launcher Type: SUN_STANDARD

Environment Variables:
JAVA_HOME=C:\Program Files\Java\jdk1.8.0_191
PATH=C:\Program Files (x86)\Common Files\Oracle\Java\javapath;C:\WINDOWS\system32;C:\WINDOWS;C:\WINDOWS\System32\Wbem;C:\WINDOWS\System32\WindowsPowerShell\v1.0\;C:\Program Files\Microsoft VS Code\bin;C:\Program Files\Git\cmd;C:\Program Files\nodejs\;C:\Program Files\MySQL\MySQL Utilities 1.6\;C:\Program Files\maven\bin;;C:\WINDOWS\System32\OpenSSH\;C:\Program Files\dotnet\;C:\Program Files (x86)\GtkSharp\2.12\bin;C:\Users\jader\AppData\Local\Microsoft\WindowsApps;C:\Users\jader\AppData\Roaming\npm;
USERNAME=jader
OS=Windows_NT
PROCESSOR_IDENTIFIER=AMD64 Family 23 Model 1 Stepping 1, AuthenticAMD



---------------  S Y S T E M  ---------------

OS: Windows 10.0 , 64 bit Build 18362 (10.0.18362.778)

CPU:total 8 (initial active 8) (8 cores per cpu, 1 threads per core) family 23 model 1 stepping 1, cmov, cx8, fxsr, mmx, sse, sse2, sse3, ssse3, sse4.1, sse4.2, popcnt, avx, avx2, aes, clmul, mmxext, 3dnowpref, lzcnt, sse4a, tsc, tscinvbit, tscinv, bmi1

Memory: 4k page, physical 8279132k(1134116k free), swap 23784336k(8621744k free)

vm_info: Java HotSpot(TM) 64-Bit Server VM (25.191-b12) for windows-amd64 JRE (1.8.0_191-b12), built on Oct  6 2018 09:29:03 by "java_re" with MS VC++ 10.0 (VS2010)

time: Wed Jun 03 23:46:04 2020
elapsed time: 11919 seconds (0d 3h 18m 39s)

